<?xml version="1.0" encoding="UTF-8"?>
<testsuite xmlns:xsi="http://www.w3.org/2001/XMLSchema-instance" xsi:noNamespaceSchemaLocation="https://maven.apache.org/surefire/maven-surefire-plugin/xsd/surefire-test-report-3.0.xsd" version="3.0" name="TestSuite" time="42.62" tests="4" errors="0" skipped="0" failures="3">
  <properties>
[...]
</properties>
  <testcase name="tc01VerifyOpenURL" classname="com.sample.www.TC01MainPage" time="8.338">
    <system-out><![CDATA[...
... TestNG 7.3.0 by CÃ©dric Beust (cedric@beust.com)
...

[DEBUG] 2022-11-03 11:11:10.158 [main] Shell - Running command on the shell: [wmic.exe, datafile, where, name='C:\\Program Files (x86)\\Google\\Chrome\\Application\\chrome.exe', get, Version, /value]
[DEBUG] 2022-11-03 11:11:10.297 [main] Shell - Result: 
[DEBUG] 2022-11-03 11:11:10.298 [main] Shell - Running command on the shell: [wmic.exe, datafile, where, name='C:\\Users\\Galih\\AppData\\Local\\Google\\Chrome\\Application\\chrome.exe', get, Version, /value]
[DEBUG] 2022-11-03 11:11:10.354 [main] Shell - Result: 
[DEBUG] 2022-11-03 11:11:10.354 [main] Shell - Running command on the shell: [wmic.exe, datafile, where, name='C:\\Program Files\\Google\\Chrome\\Application\\chrome.exe', get, Version, /value]
[DEBUG] 2022-11-03 11:11:10.403 [main] Shell - Result: 
[DEBUG] 2022-11-03 11:11:10.404 [main] WebDriverManager - Chrome version not discovered using wmic... trying reading the registry
[DEBUG] 2022-11-03 11:11:10.404 [main] Shell - Running command on the shell: [REG, QUERY, HKCU\Software\Google\Chrome\BLBeacon, /v, version]
[DEBUG] 2022-11-03 11:11:10.425 [main] Shell - Result: 
[DEBUG] 2022-11-03 11:11:10.425 [main] WebDriverManager - The driver version for Chrome is unknown ... trying with latest
[DEBUG] 2022-11-03 11:11:10.433 [main] InternalHttpClient - ex-00000001: preparing request execution
[DEBUG] 2022-11-03 11:11:10.436 [main] RequestAddCookies - Cookie spec selected: strict
[DEBUG] 2022-11-03 11:11:10.439 [main] RequestAuthCache - Auth cache not set in the context
[DEBUG] 2022-11-03 11:11:10.439 [main] ProtocolExec - ex-00000001: target auth state: UNCHALLENGED
[DEBUG] 2022-11-03 11:11:10.439 [main] ProtocolExec - ex-00000001: proxy auth state: UNCHALLENGED
[DEBUG] 2022-11-03 11:11:10.439 [main] ConnectExec - ex-00000001: acquiring connection with route {s}->https://chromedriver.storage.googleapis.com:443
[DEBUG] 2022-11-03 11:11:10.439 [main] InternalHttpClient - ex-00000001: acquiring endpoint (3 MINUTES)
[DEBUG] 2022-11-03 11:11:10.440 [main] PoolingHttpClientConnectionManager - ex-00000001: endpoint lease request (3 MINUTES) [route: {s}->https://chromedriver.storage.googleapis.com:443][total available: 0; route allocated: 0 of 5; total allocated: 0 of 25]
[DEBUG] 2022-11-03 11:11:10.444 [main] PoolingHttpClientConnectionManager - ex-00000001: endpoint leased [route: {s}->https://chromedriver.storage.googleapis.com:443][total available: 0; route allocated: 1 of 5; total allocated: 1 of 25]
[DEBUG] 2022-11-03 11:11:10.453 [main] PoolingHttpClientConnectionManager - ex-00000001: acquired ep-00000000
[DEBUG] 2022-11-03 11:11:10.453 [main] InternalHttpClient - ex-00000001: acquired endpoint ep-00000000
[DEBUG] 2022-11-03 11:11:10.453 [main] ConnectExec - ex-00000001: opening connection {s}->https://chromedriver.storage.googleapis.com:443
[DEBUG] 2022-11-03 11:11:10.454 [main] InternalHttpClient - ep-00000000: connecting endpoint (30 SECONDS)
[DEBUG] 2022-11-03 11:11:10.454 [main] PoolingHttpClientConnectionManager - ep-00000000: connecting endpoint to https://chromedriver.storage.googleapis.com:443 (30 SECONDS)
[DEBUG] 2022-11-03 11:11:10.520 [main] DefaultHttpClientConnectionOperator - http-outgoing-0: connecting to chromedriver.storage.googleapis.com/34.101.5.48:443
[DEBUG] 2022-11-03 11:11:10.521 [main] SSLConnectionSocketFactory - Connecting socket to chromedriver.storage.googleapis.com/34.101.5.48:443 with timeout 30 SECONDS
[DEBUG] 2022-11-03 11:11:10.576 [main] SSLConnectionSocketFactory - Enabled protocols: [TLSv1.3, TLSv1.2]
[DEBUG] 2022-11-03 11:11:10.576 [main] SSLConnectionSocketFactory - Enabled cipher suites:[TLS_AES_256_GCM_SHA384, TLS_AES_128_GCM_SHA256, TLS_CHACHA20_POLY1305_SHA256, TLS_ECDHE_ECDSA_WITH_AES_256_GCM_SHA384, TLS_ECDHE_ECDSA_WITH_AES_128_GCM_SHA256, TLS_ECDHE_ECDSA_WITH_CHACHA20_POLY1305_SHA256, TLS_ECDHE_RSA_WITH_AES_256_GCM_SHA384, TLS_ECDHE_RSA_WITH_CHACHA20_POLY1305_SHA256, TLS_ECDHE_RSA_WITH_AES_128_GCM_SHA256, TLS_DHE_RSA_WITH_AES_256_GCM_SHA384, TLS_DHE_RSA_WITH_CHACHA20_POLY1305_SHA256, TLS_DHE_DSS_WITH_AES_256_GCM_SHA384, TLS_DHE_RSA_WITH_AES_128_GCM_SHA256, TLS_DHE_DSS_WITH_AES_128_GCM_SHA256, TLS_ECDHE_ECDSA_WITH_AES_256_CBC_SHA384, TLS_ECDHE_RSA_WITH_AES_256_CBC_SHA384, TLS_ECDHE_ECDSA_WITH_AES_128_CBC_SHA256, TLS_ECDHE_RSA_WITH_AES_128_CBC_SHA256, TLS_DHE_RSA_WITH_AES_256_CBC_SHA256, TLS_DHE_DSS_WITH_AES_256_CBC_SHA256, TLS_DHE_RSA_WITH_AES_128_CBC_SHA256, TLS_DHE_DSS_WITH_AES_128_CBC_SHA256, TLS_ECDH_ECDSA_WITH_AES_256_GCM_SHA384, TLS_ECDH_RSA_WITH_AES_256_GCM_SHA384, TLS_ECDH_ECDSA_WITH_AES_128_GCM_SHA256, TLS_ECDH_RSA_WITH_AES_128_GCM_SHA256, TLS_ECDH_ECDSA_WITH_AES_256_CBC_SHA384, TLS_ECDH_RSA_WITH_AES_256_CBC_SHA384, TLS_ECDH_ECDSA_WITH_AES_128_CBC_SHA256, TLS_ECDH_RSA_WITH_AES_128_CBC_SHA256, TLS_ECDHE_ECDSA_WITH_AES_256_CBC_SHA, TLS_ECDHE_RSA_WITH_AES_256_CBC_SHA, TLS_ECDHE_ECDSA_WITH_AES_128_CBC_SHA, TLS_ECDHE_RSA_WITH_AES_128_CBC_SHA, TLS_DHE_RSA_WITH_AES_256_CBC_SHA, TLS_DHE_DSS_WITH_AES_256_CBC_SHA, TLS_DHE_RSA_WITH_AES_128_CBC_SHA, TLS_DHE_DSS_WITH_AES_128_CBC_SHA, TLS_ECDH_ECDSA_WITH_AES_256_CBC_SHA, TLS_ECDH_RSA_WITH_AES_256_CBC_SHA, TLS_ECDH_ECDSA_WITH_AES_128_CBC_SHA, TLS_ECDH_RSA_WITH_AES_128_CBC_SHA, TLS_RSA_WITH_AES_256_GCM_SHA384, TLS_RSA_WITH_AES_128_GCM_SHA256, TLS_RSA_WITH_AES_256_CBC_SHA256, TLS_RSA_WITH_AES_128_CBC_SHA256, TLS_RSA_WITH_AES_256_CBC_SHA, TLS_RSA_WITH_AES_128_CBC_SHA, TLS_EMPTY_RENEGOTIATION_INFO_SCSV]
[DEBUG] 2022-11-03 11:11:10.577 [main] SSLConnectionSocketFactory - Starting handshake
[DEBUG] 2022-11-03 11:11:10.758 [main] SSLConnectionSocketFactory - Secure session established
[DEBUG] 2022-11-03 11:11:10.758 [main] SSLConnectionSocketFactory -  negotiated protocol: TLSv1.3
[DEBUG] 2022-11-03 11:11:10.758 [main] SSLConnectionSocketFactory -  negotiated cipher suite: TLS_AES_256_GCM_SHA384
[DEBUG] 2022-11-03 11:11:10.762 [main] SSLConnectionSocketFactory -  peer principal: CN=*.storage.googleapis.com
[DEBUG] 2022-11-03 11:11:10.762 [main] SSLConnectionSocketFactory -  peer alternative names: [*.storage.googleapis.com, *.googleapis.com, commondatastorage.googleapis.com, *.commondatastorage.googleapis.com, storage.googleapis.com, storage.mtls.googleapis.com, *.appspot.com.storage.googleapis.com, *.content-storage.googleapis.com, *.content-storage-p2.googleapis.com, *.content-storage-upload.googleapis.com, *.content-storage-download.googleapis.com, *.storage-upload.googleapis.com, *.storage-download.googleapis.com]
[DEBUG] 2022-11-03 11:11:10.763 [main] SSLConnectionSocketFactory -  issuer principal: CN=GTS CA 1C3, O=Google Trust Services LLC, C=US
[DEBUG] 2022-11-03 11:11:10.764 [main] DefaultHttpClientConnectionOperator - http-outgoing-0: connection established 192.168.85.54:43859<->34.101.5.48:443
[DEBUG] 2022-11-03 11:11:10.765 [main] PoolingHttpClientConnectionManager - ep-00000000: connected http-outgoing-0
[DEBUG] 2022-11-03 11:11:10.765 [main] InternalHttpClient - ep-00000000: endpoint connected
[DEBUG] 2022-11-03 11:11:10.765 [main] MainClientExec - ex-00000001: executing GET /LATEST_RELEASE HTTP/1.1
[DEBUG] 2022-11-03 11:11:10.766 [main] InternalHttpClient - ep-00000000: start execution ex-00000001
[DEBUG] 2022-11-03 11:11:10.766 [main] PoolingHttpClientConnectionManager - ep-00000000: executing exchange ex-00000001 over http-outgoing-0
[DEBUG] 2022-11-03 11:11:10.766 [main] headers - http-outgoing-0 >> GET /LATEST_RELEASE HTTP/1.1
[DEBUG] 2022-11-03 11:11:10.766 [main] headers - http-outgoing-0 >> user-agent: Apache-HttpClient/5.0
[DEBUG] 2022-11-03 11:11:10.766 [main] headers - http-outgoing-0 >> accept-encoding: gzip, deflate, br
[DEBUG] 2022-11-03 11:11:10.766 [main] headers - http-outgoing-0 >> cache-control: max-age=0
[DEBUG] 2022-11-03 11:11:10.767 [main] headers - http-outgoing-0 >> connection: keep-alive
[DEBUG] 2022-11-03 11:11:10.767 [main] headers - http-outgoing-0 >> Host: chromedriver.storage.googleapis.com
[DEBUG] 2022-11-03 11:11:10.767 [main] wire - http-outgoing-0 >> "GET /LATEST_RELEASE HTTP/1.1[\r][\n]"
[DEBUG] 2022-11-03 11:11:10.767 [main] wire - http-outgoing-0 >> "user-agent: Apache-HttpClient/5.0[\r][\n]"
[DEBUG] 2022-11-03 11:11:10.767 [main] wire - http-outgoing-0 >> "accept-encoding: gzip, deflate, br[\r][\n]"
[DEBUG] 2022-11-03 11:11:10.767 [main] wire - http-outgoing-0 >> "cache-control: max-age=0[\r][\n]"
[DEBUG] 2022-11-03 11:11:10.767 [main] wire - http-outgoing-0 >> "connection: keep-alive[\r][\n]"
[DEBUG] 2022-11-03 11:11:10.767 [main] wire - http-outgoing-0 >> "Host: chromedriver.storage.googleapis.com[\r][\n]"
[DEBUG] 2022-11-03 11:11:10.767 [main] wire - http-outgoing-0 >> "[\r][\n]"
[DEBUG] 2022-11-03 11:11:10.835 [main] wire - http-outgoing-0 << "HTTP/1.1 200 OK[\r][\n]"
[DEBUG] 2022-11-03 11:11:10.835 [main] wire - http-outgoing-0 << "X-GUploader-UploadID: ADPycdvBfWV7v-MB1AX_2Zzbh5BwuDIijHJGPzhrL4mzV2pk5OJ8IMJgP0cgJMAwIV8YZ3n4pAAwJIlXAq9Wdc2AbFEQFk-k7t3-[\r][\n]"
[DEBUG] 2022-11-03 11:11:10.835 [main] wire - http-outgoing-0 << "x-goog-generation: 1666700467551909[\r][\n]"
[DEBUG] 2022-11-03 11:11:10.836 [main] wire - http-outgoing-0 << "x-goog-metageneration: 1[\r][\n]"
[DEBUG] 2022-11-03 11:11:10.836 [main] wire - http-outgoing-0 << "x-goog-stored-content-encoding: identity[\r][\n]"
[DEBUG] 2022-11-03 11:11:10.836 [main] wire - http-outgoing-0 << "x-goog-stored-content-length: 13[\r][\n]"
[DEBUG] 2022-11-03 11:11:10.836 [main] wire - http-outgoing-0 << "Content-Language: en[\r][\n]"
[DEBUG] 2022-11-03 11:11:10.836 [main] wire - http-outgoing-0 << "x-goog-hash: crc32c=GZtV/w==[\r][\n]"
[DEBUG] 2022-11-03 11:11:10.836 [main] wire - http-outgoing-0 << "x-goog-hash: md5=EquORKR7nNr13OnBqPO3SA==[\r][\n]"
[DEBUG] 2022-11-03 11:11:10.837 [main] wire - http-outgoing-0 << "x-goog-storage-class: STANDARD[\r][\n]"
[DEBUG] 2022-11-03 11:11:10.837 [main] wire - http-outgoing-0 << "Accept-Ranges: bytes[\r][\n]"
[DEBUG] 2022-11-03 11:11:10.837 [main] wire - http-outgoing-0 << "Content-Length: 13[\r][\n]"
[DEBUG] 2022-11-03 11:11:10.837 [main] wire - http-outgoing-0 << "Server: UploadServer[\r][\n]"
[DEBUG] 2022-11-03 11:11:10.837 [main] wire - http-outgoing-0 << "Date: Thu, 03 Nov 2022 03:28:55 GMT[\r][\n]"
[DEBUG] 2022-11-03 11:11:10.837 [main] wire - http-outgoing-0 << "Expires: Thu, 03 Nov 2022 04:28:55 GMT[\r][\n]"
[DEBUG] 2022-11-03 11:11:10.837 [main] wire - http-outgoing-0 << "Cache-Control: public, max-age=3600[\r][\n]"
[DEBUG] 2022-11-03 11:11:10.838 [main] wire - http-outgoing-0 << "Age: 2535[\r][\n]"
[DEBUG] 2022-11-03 11:11:10.838 [main] wire - http-outgoing-0 << "Last-Modified: Tue, 25 Oct 2022 12:21:07 GMT[\r][\n]"
[DEBUG] 2022-11-03 11:11:10.838 [main] wire - http-outgoing-0 << "ETag: "12ab8e44a47b9cdaf5dce9c1a8f3b748"[\r][\n]"
[DEBUG] 2022-11-03 11:11:10.838 [main] wire - http-outgoing-0 << "Content-Type: text/plain[\r][\n]"
[DEBUG] 2022-11-03 11:11:10.838 [main] wire - http-outgoing-0 << "Alt-Svc: h3=":443"; ma=2592000,h3-29=":443"; ma=2592000,h3-Q050=":443"; ma=2592000,h3-Q046=":443"; ma=2592000,h3-Q043=":443"; ma=2592000,quic=":443"; ma=2592000; v="46,43"[\r][\n]"
[DEBUG] 2022-11-03 11:11:10.838 [main] wire - http-outgoing-0 << "[\r][\n]"
[DEBUG] 2022-11-03 11:11:10.838 [main] wire - http-outgoing-0 << "107.0.5304.62"
[DEBUG] 2022-11-03 11:11:10.840 [main] headers - http-outgoing-0 << HTTP/1.1 200 OK
[DEBUG] 2022-11-03 11:11:10.841 [main] headers - http-outgoing-0 << X-GUploader-UploadID: ADPycdvBfWV7v-MB1AX_2Zzbh5BwuDIijHJGPzhrL4mzV2pk5OJ8IMJgP0cgJMAwIV8YZ3n4pAAwJIlXAq9Wdc2AbFEQFk-k7t3-
[DEBUG] 2022-11-03 11:11:10.841 [main] headers - http-outgoing-0 << x-goog-generation: 1666700467551909
[DEBUG] 2022-11-03 11:11:10.841 [main] headers - http-outgoing-0 << x-goog-metageneration: 1
[DEBUG] 2022-11-03 11:11:10.841 [main] headers - http-outgoing-0 << x-goog-stored-content-encoding: identity
[DEBUG] 2022-11-03 11:11:10.841 [main] headers - http-outgoing-0 << x-goog-stored-content-length: 13
[DEBUG] 2022-11-03 11:11:10.841 [main] headers - http-outgoing-0 << Content-Language: en
[DEBUG] 2022-11-03 11:11:10.841 [main] headers - http-outgoing-0 << x-goog-hash: crc32c=GZtV/w==
[DEBUG] 2022-11-03 11:11:10.841 [main] headers - http-outgoing-0 << x-goog-hash: md5=EquORKR7nNr13OnBqPO3SA==
[DEBUG] 2022-11-03 11:11:10.841 [main] headers - http-outgoing-0 << x-goog-storage-class: STANDARD
[DEBUG] 2022-11-03 11:11:10.841 [main] headers - http-outgoing-0 << Accept-Ranges: bytes
[DEBUG] 2022-11-03 11:11:10.841 [main] headers - http-outgoing-0 << Content-Length: 13
[DEBUG] 2022-11-03 11:11:10.841 [main] headers - http-outgoing-0 << Server: UploadServer
[DEBUG] 2022-11-03 11:11:10.841 [main] headers - http-outgoing-0 << Date: Thu, 03 Nov 2022 03:28:55 GMT
[DEBUG] 2022-11-03 11:11:10.841 [main] headers - http-outgoing-0 << Expires: Thu, 03 Nov 2022 04:28:55 GMT
[DEBUG] 2022-11-03 11:11:10.841 [main] headers - http-outgoing-0 << Cache-Control: public, max-age=3600
[DEBUG] 2022-11-03 11:11:10.841 [main] headers - http-outgoing-0 << Age: 2535
[DEBUG] 2022-11-03 11:11:10.842 [main] headers - http-outgoing-0 << Last-Modified: Tue, 25 Oct 2022 12:21:07 GMT
[DEBUG] 2022-11-03 11:11:10.842 [main] headers - http-outgoing-0 << ETag: "12ab8e44a47b9cdaf5dce9c1a8f3b748"
[DEBUG] 2022-11-03 11:11:10.842 [main] headers - http-outgoing-0 << Content-Type: text/plain
[DEBUG] 2022-11-03 11:11:10.842 [main] headers - http-outgoing-0 << Alt-Svc: h3=":443"; ma=2592000,h3-29=":443"; ma=2592000,h3-Q050=":443"; ma=2592000,h3-Q046=":443"; ma=2592000,h3-Q043=":443"; ma=2592000,quic=":443"; ma=2592000; v="46,43"
[DEBUG] 2022-11-03 11:11:10.845 [main] MainClientExec - ex-00000001: connection can be kept alive for 3 MINUTES
[DEBUG] 2022-11-03 11:11:10.848 [main] InternalHttpClient - ep-00000000: releasing valid endpoint
[DEBUG] 2022-11-03 11:11:10.848 [main] PoolingHttpClientConnectionManager - ep-00000000: releasing endpoint
[DEBUG] 2022-11-03 11:11:10.848 [main] PoolingHttpClientConnectionManager - ep-00000000: connection http-outgoing-0 can be kept alive for 3 MINUTES
[DEBUG] 2022-11-03 11:11:10.849 [main] PoolingHttpClientConnectionManager - ep-00000000: connection released [route: {s}->https://chromedriver.storage.googleapis.com:443][total available: 1; route allocated: 1 of 5; total allocated: 1 of 25]
[DEBUG] 2022-11-03 11:11:10.849 [main] VersionDetector - Latest version of chromedriver according to https://chromedriver.storage.googleapis.com/LATEST_RELEASE is 107.0.5304.62
[DEBUG] 2022-11-03 11:11:10.859 [main] WebDriverManager - Driver chromedriver 107.0.5304.62 found in cache
[INFO ] 2022-11-03 11:11:10.860 [main] WebDriverManager - Exporting webdriver.chrome.driver as C:\Users\Galih\.cache\selenium\chromedriver\win32\107.0.5304.62\chromedriver.exe
[DEBUG] 2022-11-03 11:11:10.986 [main] InternalLoggerFactory - Using SLF4J as the default logging framework
[DEBUG] 2022-11-03 11:11:10.989 [main] ResourceLeakDetector - -Dio.netty.leakDetection.level: simple
[DEBUG] 2022-11-03 11:11:10.989 [main] ResourceLeakDetector - -Dio.netty.leakDetection.targetRecords: 4
[DEBUG] 2022-11-03 11:11:10.992 [main] ResourceLeakDetectorFactory - Loaded default ResourceLeakDetector: io.netty.util.ResourceLeakDetector@4e6f2bb5
[DEBUG] 2022-11-03 11:11:11.004 [main] PlatformDependent - Platform: Windows
[DEBUG] 2022-11-03 11:11:11.005 [main] PlatformDependent0 - -Dio.netty.noUnsafe: false
[DEBUG] 2022-11-03 11:11:11.005 [main] PlatformDependent0 - Java version: 11
[DEBUG] 2022-11-03 11:11:11.007 [main] PlatformDependent0 - sun.misc.Unsafe.theUnsafe: available
[DEBUG] 2022-11-03 11:11:11.007 [main] PlatformDependent0 - sun.misc.Unsafe.copyMemory: available
[DEBUG] 2022-11-03 11:11:11.008 [main] PlatformDependent0 - java.nio.Buffer.address: available
[DEBUG] 2022-11-03 11:11:11.008 [main] PlatformDependent0 - direct buffer constructor: unavailable
java.lang.UnsupportedOperationException: Reflective setAccessible(true) disabled
	at io.netty.util.internal.ReflectionUtil.trySetAccessible(ReflectionUtil.java:31) ~[netty-common-4.1.49.Final.jar:4.1.49.Final]
	at io.netty.util.internal.PlatformDependent0$4.run(PlatformDependent0.java:233) ~[netty-common-4.1.49.Final.jar:4.1.49.Final]
	at java.security.AccessController.doPrivileged(Native Method) ~[?:?]
	at io.netty.util.internal.PlatformDependent0.<clinit>(PlatformDependent0.java:227) [netty-common-4.1.49.Final.jar:4.1.49.Final]
	at io.netty.util.internal.PlatformDependent.isAndroid(PlatformDependent.java:289) [netty-common-4.1.49.Final.jar:4.1.49.Final]
	at io.netty.util.internal.PlatformDependent.<clinit>(PlatformDependent.java:92) [netty-common-4.1.49.Final.jar:4.1.49.Final]
	at io.netty.util.HashedWheelTimer.<init>(HashedWheelTimer.java:109) [netty-common-4.1.49.Final.jar:4.1.49.Final]
	at io.netty.util.HashedWheelTimer.<init>(HashedWheelTimer.java:218) [netty-common-4.1.49.Final.jar:4.1.49.Final]
	at io.netty.util.HashedWheelTimer.<init>(HashedWheelTimer.java:197) [netty-common-4.1.49.Final.jar:4.1.49.Final]
	at org.asynchttpclient.DefaultAsyncHttpClient.newNettyTimer(DefaultAsyncHttpClient.java:111) [async-http-client-2.12.1.jar:?]
	at org.asynchttpclient.DefaultAsyncHttpClient.<init>(DefaultAsyncHttpClient.java:90) [async-http-client-2.12.1.jar:?]
	at org.asynchttpclient.Dsl.asyncHttpClient(Dsl.java:32) [async-http-client-2.12.1.jar:?]
	at org.openqa.selenium.remote.http.netty.NettyClient.<clinit>(NettyClient.java:39) [selenium-remote-driver-4.0.0-alpha-6.jar:?]
	at org.openqa.selenium.remote.http.netty.NettyClient$Factory.createClient(NettyClient.java:86) [selenium-remote-driver-4.0.0-alpha-6.jar:?]
	at org.openqa.selenium.remote.http.HttpClient$Factory.createClient(HttpClient.java:80) [selenium-http-4.0.0-alpha-6.jar:?]
	at org.openqa.selenium.remote.HttpCommandExecutor.<init>(HttpCommandExecutor.java:89) [selenium-remote-driver-4.0.0-alpha-6.jar:?]
	at org.openqa.selenium.remote.HttpCommandExecutor.<init>(HttpCommandExecutor.java:72) [selenium-remote-driver-4.0.0-alpha-6.jar:?]
	at org.openqa.selenium.remote.service.DriverCommandExecutor.<init>(DriverCommandExecutor.java:63) [selenium-remote-driver-4.0.0-alpha-6.jar:?]
	at org.openqa.selenium.chromium.ChromiumDriverCommandExecutor.<init>(ChromiumDriverCommandExecutor.java:78) [selenium-chromium-driver-4.0.0-alpha-6.jar:?]
	at org.openqa.selenium.chrome.ChromeDriver.<init>(ChromeDriver.java:163) [selenium-chrome-driver-4.0.0-alpha-6.jar:?]
	at org.openqa.selenium.chrome.ChromeDriver.<init>(ChromeDriver.java:150) [selenium-chrome-driver-4.0.0-alpha-6.jar:?]
	at org.openqa.selenium.chrome.ChromeDriver.<init>(ChromeDriver.java:139) [selenium-chrome-driver-4.0.0-alpha-6.jar:?]
	at common.TestBase.openBrowser(TestBase.java:134) [test-classes/:?]
	at common.TestBase.setUp(TestBase.java:58) [test-classes/:?]
	at jdk.internal.reflect.NativeMethodAccessorImpl.invoke0(Native Method) ~[?:?]
	at jdk.internal.reflect.NativeMethodAccessorImpl.invoke(NativeMethodAccessorImpl.java:62) ~[?:?]
	at jdk.internal.reflect.DelegatingMethodAccessorImpl.invoke(DelegatingMethodAccessorImpl.java:43) ~[?:?]
	at java.lang.reflect.Method.invoke(Method.java:566) ~[?:?]
	at org.testng.internal.MethodInvocationHelper.invokeMethod(MethodInvocationHelper.java:132) [testng-7.3.0.jar:?]
	at org.testng.internal.MethodInvocationHelper.invokeMethodConsideringTimeout(MethodInvocationHelper.java:61) [testng-7.3.0.jar:?]
	at org.testng.internal.ConfigInvoker.invokeConfigurationMethod(ConfigInvoker.java:366) [testng-7.3.0.jar:?]
	at org.testng.internal.ConfigInvoker.invokeConfigurations(ConfigInvoker.java:320) [testng-7.3.0.jar:?]
	at org.testng.SuiteRunner.privateRun(SuiteRunner.java:327) [testng-7.3.0.jar:?]
	at org.testng.SuiteRunner.run(SuiteRunner.java:286) [testng-7.3.0.jar:?]
	at org.testng.SuiteRunnerWorker.runSuite(SuiteRunnerWorker.java:53) [testng-7.3.0.jar:?]
	at org.testng.SuiteRunnerWorker.run(SuiteRunnerWorker.java:96) [testng-7.3.0.jar:?]
	at org.testng.TestNG.runSuitesSequentially(TestNG.java:1218) [testng-7.3.0.jar:?]
	at org.testng.TestNG.runSuitesLocally(TestNG.java:1140) [testng-7.3.0.jar:?]
	at org.testng.TestNG.runSuites(TestNG.java:1069) [testng-7.3.0.jar:?]
	at org.testng.TestNG.run(TestNG.java:1037) [testng-7.3.0.jar:?]
	at org.apache.maven.surefire.testng.TestNGExecutor.run(TestNGExecutor.java:284) [surefire-testng-3.0.0-M5.jar:3.0.0-M5]
	at org.apache.maven.surefire.testng.TestNGXmlTestSuite.execute(TestNGXmlTestSuite.java:75) [surefire-testng-3.0.0-M5.jar:3.0.0-M5]
	at org.apache.maven.surefire.testng.TestNGProvider.invoke(TestNGProvider.java:119) [surefire-testng-3.0.0-M5.jar:3.0.0-M5]
	at org.apache.maven.surefire.booter.ForkedBooter.runSuitesInProcess(ForkedBooter.java:428) [surefire-booter-3.0.0-M5.jar:3.0.0-M5]
	at org.apache.maven.surefire.booter.ForkedBooter.execute(ForkedBooter.java:162) [surefire-booter-3.0.0-M5.jar:3.0.0-M5]
	at org.apache.maven.surefire.booter.ForkedBooter.run(ForkedBooter.java:562) [surefire-booter-3.0.0-M5.jar:3.0.0-M5]
	at org.apache.maven.surefire.booter.ForkedBooter.main(ForkedBooter.java:548) [surefire-booter-3.0.0-M5.jar:3.0.0-M5]
[DEBUG] 2022-11-03 11:11:11.014 [main] PlatformDependent0 - java.nio.Bits.unaligned: available, true
[DEBUG] 2022-11-03 11:11:11.015 [main] PlatformDependent0 - jdk.internal.misc.Unsafe.allocateUninitializedArray(int): unavailable
java.lang.IllegalAccessException: class io.netty.util.internal.PlatformDependent0$6 cannot access class jdk.internal.misc.Unsafe (in module java.base) because module java.base does not export jdk.internal.misc to unnamed module @1a87b51
	at jdk.internal.reflect.Reflection.newIllegalAccessException(Reflection.java:361) ~[?:?]
	at java.lang.reflect.AccessibleObject.checkAccess(AccessibleObject.java:591) ~[?:?]
	at java.lang.reflect.Method.invoke(Method.java:558) ~[?:?]
	at io.netty.util.internal.PlatformDependent0$6.run(PlatformDependent0.java:347) ~[netty-common-4.1.49.Final.jar:4.1.49.Final]
	at java.security.AccessController.doPrivileged(Native Method) ~[?:?]
	at io.netty.util.internal.PlatformDependent0.<clinit>(PlatformDependent0.java:338) [netty-common-4.1.49.Final.jar:4.1.49.Final]
	at io.netty.util.internal.PlatformDependent.isAndroid(PlatformDependent.java:289) [netty-common-4.1.49.Final.jar:4.1.49.Final]
	at io.netty.util.internal.PlatformDependent.<clinit>(PlatformDependent.java:92) [netty-common-4.1.49.Final.jar:4.1.49.Final]
	at io.netty.util.HashedWheelTimer.<init>(HashedWheelTimer.java:109) [netty-common-4.1.49.Final.jar:4.1.49.Final]
	at io.netty.util.HashedWheelTimer.<init>(HashedWheelTimer.java:218) [netty-common-4.1.49.Final.jar:4.1.49.Final]
	at io.netty.util.HashedWheelTimer.<init>(HashedWheelTimer.java:197) [netty-common-4.1.49.Final.jar:4.1.49.Final]
	at org.asynchttpclient.DefaultAsyncHttpClient.newNettyTimer(DefaultAsyncHttpClient.java:111) [async-http-client-2.12.1.jar:?]
	at org.asynchttpclient.DefaultAsyncHttpClient.<init>(DefaultAsyncHttpClient.java:90) [async-http-client-2.12.1.jar:?]
	at org.asynchttpclient.Dsl.asyncHttpClient(Dsl.java:32) [async-http-client-2.12.1.jar:?]
	at org.openqa.selenium.remote.http.netty.NettyClient.<clinit>(NettyClient.java:39) [selenium-remote-driver-4.0.0-alpha-6.jar:?]
	at org.openqa.selenium.remote.http.netty.NettyClient$Factory.createClient(NettyClient.java:86) [selenium-remote-driver-4.0.0-alpha-6.jar:?]
	at org.openqa.selenium.remote.http.HttpClient$Factory.createClient(HttpClient.java:80) [selenium-http-4.0.0-alpha-6.jar:?]
	at org.openqa.selenium.remote.HttpCommandExecutor.<init>(HttpCommandExecutor.java:89) [selenium-remote-driver-4.0.0-alpha-6.jar:?]
	at org.openqa.selenium.remote.HttpCommandExecutor.<init>(HttpCommandExecutor.java:72) [selenium-remote-driver-4.0.0-alpha-6.jar:?]
	at org.openqa.selenium.remote.service.DriverCommandExecutor.<init>(DriverCommandExecutor.java:63) [selenium-remote-driver-4.0.0-alpha-6.jar:?]
	at org.openqa.selenium.chromium.ChromiumDriverCommandExecutor.<init>(ChromiumDriverCommandExecutor.java:78) [selenium-chromium-driver-4.0.0-alpha-6.jar:?]
	at org.openqa.selenium.chrome.ChromeDriver.<init>(ChromeDriver.java:163) [selenium-chrome-driver-4.0.0-alpha-6.jar:?]
	at org.openqa.selenium.chrome.ChromeDriver.<init>(ChromeDriver.java:150) [selenium-chrome-driver-4.0.0-alpha-6.jar:?]
	at org.openqa.selenium.chrome.ChromeDriver.<init>(ChromeDriver.java:139) [selenium-chrome-driver-4.0.0-alpha-6.jar:?]
	at common.TestBase.openBrowser(TestBase.java:134) [test-classes/:?]
	at common.TestBase.setUp(TestBase.java:58) [test-classes/:?]
	at jdk.internal.reflect.NativeMethodAccessorImpl.invoke0(Native Method) ~[?:?]
	at jdk.internal.reflect.NativeMethodAccessorImpl.invoke(NativeMethodAccessorImpl.java:62) ~[?:?]
	at jdk.internal.reflect.DelegatingMethodAccessorImpl.invoke(DelegatingMethodAccessorImpl.java:43) ~[?:?]
	at java.lang.reflect.Method.invoke(Method.java:566) ~[?:?]
	at org.testng.internal.MethodInvocationHelper.invokeMethod(MethodInvocationHelper.java:132) [testng-7.3.0.jar:?]
	at org.testng.internal.MethodInvocationHelper.invokeMethodConsideringTimeout(MethodInvocationHelper.java:61) [testng-7.3.0.jar:?]
	at org.testng.internal.ConfigInvoker.invokeConfigurationMethod(ConfigInvoker.java:366) [testng-7.3.0.jar:?]
	at org.testng.internal.ConfigInvoker.invokeConfigurations(ConfigInvoker.java:320) [testng-7.3.0.jar:?]
	at org.testng.SuiteRunner.privateRun(SuiteRunner.java:327) [testng-7.3.0.jar:?]
	at org.testng.SuiteRunner.run(SuiteRunner.java:286) [testng-7.3.0.jar:?]
	at org.testng.SuiteRunnerWorker.runSuite(SuiteRunnerWorker.java:53) [testng-7.3.0.jar:?]
	at org.testng.SuiteRunnerWorker.run(SuiteRunnerWorker.java:96) [testng-7.3.0.jar:?]
	at org.testng.TestNG.runSuitesSequentially(TestNG.java:1218) [testng-7.3.0.jar:?]
	at org.testng.TestNG.runSuitesLocally(TestNG.java:1140) [testng-7.3.0.jar:?]
	at org.testng.TestNG.runSuites(TestNG.java:1069) [testng-7.3.0.jar:?]
	at org.testng.TestNG.run(TestNG.java:1037) [testng-7.3.0.jar:?]
	at org.apache.maven.surefire.testng.TestNGExecutor.run(TestNGExecutor.java:284) [surefire-testng-3.0.0-M5.jar:3.0.0-M5]
	at org.apache.maven.surefire.testng.TestNGXmlTestSuite.execute(TestNGXmlTestSuite.java:75) [surefire-testng-3.0.0-M5.jar:3.0.0-M5]
	at org.apache.maven.surefire.testng.TestNGProvider.invoke(TestNGProvider.java:119) [surefire-testng-3.0.0-M5.jar:3.0.0-M5]
	at org.apache.maven.surefire.booter.ForkedBooter.runSuitesInProcess(ForkedBooter.java:428) [surefire-booter-3.0.0-M5.jar:3.0.0-M5]
	at org.apache.maven.surefire.booter.ForkedBooter.execute(ForkedBooter.java:162) [surefire-booter-3.0.0-M5.jar:3.0.0-M5]
	at org.apache.maven.surefire.booter.ForkedBooter.run(ForkedBooter.java:562) [surefire-booter-3.0.0-M5.jar:3.0.0-M5]
	at org.apache.maven.surefire.booter.ForkedBooter.main(ForkedBooter.java:548) [surefire-booter-3.0.0-M5.jar:3.0.0-M5]
[DEBUG] 2022-11-03 11:11:11.015 [main] PlatformDependent0 - java.nio.DirectByteBuffer.<init>(long, int): unavailable
[DEBUG] 2022-11-03 11:11:11.015 [main] PlatformDependent - sun.misc.Unsafe: available
[DEBUG] 2022-11-03 11:11:11.017 [main] PlatformDependent - maxDirectMemory: 4211081216 bytes (maybe)
[DEBUG] 2022-11-03 11:11:11.017 [main] PlatformDependent - -Dio.netty.tmpdir: C:\Users\Galih\AppData\Local\Temp (java.io.tmpdir)
[DEBUG] 2022-11-03 11:11:11.017 [main] PlatformDependent - -Dio.netty.bitMode: 64 (sun.arch.data.model)
[DEBUG] 2022-11-03 11:11:11.018 [main] PlatformDependent - -Dio.netty.maxDirectMemory: -1 bytes
[DEBUG] 2022-11-03 11:11:11.018 [main] PlatformDependent - -Dio.netty.uninitializedArrayAllocationThreshold: -1
[DEBUG] 2022-11-03 11:11:11.020 [main] CleanerJava9 - java.nio.ByteBuffer.cleaner(): available
[DEBUG] 2022-11-03 11:11:11.020 [main] PlatformDependent - -Dio.netty.noPreferDirect: false
[DEBUG] 2022-11-03 11:11:11.038 [main] PlatformDependent - org.jctools-core.MpscChunkedArrayQueue: available
[DEBUG] 2022-11-03 11:11:11.064 [main] JdkSslContext - Default protocols (JDK): [TLSv1.2, TLSv1.1, TLSv1] 
[DEBUG] 2022-11-03 11:11:11.064 [main] JdkSslContext - Default cipher suites (JDK): [TLS_ECDHE_ECDSA_WITH_AES_256_GCM_SHA384, TLS_ECDHE_ECDSA_WITH_AES_128_GCM_SHA256, TLS_ECDHE_RSA_WITH_AES_128_GCM_SHA256, TLS_ECDHE_RSA_WITH_AES_256_GCM_SHA384, TLS_ECDHE_RSA_WITH_AES_128_CBC_SHA, TLS_ECDHE_RSA_WITH_AES_256_CBC_SHA, TLS_RSA_WITH_AES_128_GCM_SHA256, TLS_RSA_WITH_AES_128_CBC_SHA, TLS_RSA_WITH_AES_256_CBC_SHA, TLS_AES_128_GCM_SHA256, TLS_AES_256_GCM_SHA384]
[DEBUG] 2022-11-03 11:11:11.079 [main] InternalThreadLocalMap - -Dio.netty.threadLocalMap.stringBuilder.initialSize: 1024
[DEBUG] 2022-11-03 11:11:11.079 [main] InternalThreadLocalMap - -Dio.netty.threadLocalMap.stringBuilder.maxSize: 4096
[DEBUG] 2022-11-03 11:11:11.089 [main] MultithreadEventLoopGroup - -Dio.netty.eventLoopThreads: 16
[DEBUG] 2022-11-03 11:11:11.095 [main] NioEventLoop - -Dio.netty.noKeySetOptimization: false
[DEBUG] 2022-11-03 11:11:11.095 [main] NioEventLoop - -Dio.netty.selectorAutoRebuildThreshold: 512
[DEBUG] 2022-11-03 11:11:11.129 [main] PooledByteBufAllocator - -Dio.netty.allocator.numHeapArenas: 16
[DEBUG] 2022-11-03 11:11:11.129 [main] PooledByteBufAllocator - -Dio.netty.allocator.numDirectArenas: 16
[DEBUG] 2022-11-03 11:11:11.129 [main] PooledByteBufAllocator - -Dio.netty.allocator.pageSize: 8192
[DEBUG] 2022-11-03 11:11:11.129 [main] PooledByteBufAllocator - -Dio.netty.allocator.maxOrder: 11
[DEBUG] 2022-11-03 11:11:11.129 [main] PooledByteBufAllocator - -Dio.netty.allocator.chunkSize: 16777216
[DEBUG] 2022-11-03 11:11:11.129 [main] PooledByteBufAllocator - -Dio.netty.allocator.tinyCacheSize: 512
[DEBUG] 2022-11-03 11:11:11.129 [main] PooledByteBufAllocator - -Dio.netty.allocator.smallCacheSize: 256
[DEBUG] 2022-11-03 11:11:11.130 [main] PooledByteBufAllocator - -Dio.netty.allocator.normalCacheSize: 64
[DEBUG] 2022-11-03 11:11:11.130 [main] PooledByteBufAllocator - -Dio.netty.allocator.maxCachedBufferCapacity: 32768
[DEBUG] 2022-11-03 11:11:11.130 [main] PooledByteBufAllocator - -Dio.netty.allocator.cacheTrimInterval: 8192
[DEBUG] 2022-11-03 11:11:11.130 [main] PooledByteBufAllocator - -Dio.netty.allocator.cacheTrimIntervalMillis: 0
[DEBUG] 2022-11-03 11:11:11.130 [main] PooledByteBufAllocator - -Dio.netty.allocator.useCacheForAllThreads: true
[DEBUG] 2022-11-03 11:11:11.130 [main] PooledByteBufAllocator - -Dio.netty.allocator.maxCachedByteBuffersPerChunk: 1023
[DEBUG] 2022-11-03 11:11:11.135 [main] ByteBufUtil - -Dio.netty.allocator.type: pooled
[DEBUG] 2022-11-03 11:11:11.135 [main] ByteBufUtil - -Dio.netty.threadLocalDirectBufferSize: 0
[DEBUG] 2022-11-03 11:11:11.135 [main] ByteBufUtil - -Dio.netty.maxThreadLocalCharBufferSize: 16384
[DEBUG] 2022-11-03 11:11:11.421 [Forwarding newSession on session null to remote] DefaultChannelId - -Dio.netty.processId: 7736 (auto-detected)
[DEBUG] 2022-11-03 11:11:11.423 [Forwarding newSession on session null to remote] NetUtil - -Djava.net.preferIPv4Stack: false
[DEBUG] 2022-11-03 11:11:11.423 [Forwarding newSession on session null to remote] NetUtil - -Djava.net.preferIPv6Addresses: false
[DEBUG] 2022-11-03 11:11:11.572 [Forwarding newSession on session null to remote] NetUtil - Loopback interface: lo (Software Loopback Interface 1, 127.0.0.1)
[DEBUG] 2022-11-03 11:11:11.572 [Forwarding newSession on session null to remote] NetUtil - Failed to get SOMAXCONN from sysctl and file \proc\sys\net\core\somaxconn. Default: 200
[DEBUG] 2022-11-03 11:11:11.708 [Forwarding newSession on session null to remote] DefaultChannelId - -Dio.netty.machineId: c4:23:60:ff:fe:ae:8d:b4 (auto-detected)
[DEBUG] 2022-11-03 11:11:11.754 [AsyncHttpClient-3-1] AbstractByteBuf - -Dio.netty.buffer.checkAccessible: true
[DEBUG] 2022-11-03 11:11:11.755 [AsyncHttpClient-3-1] AbstractByteBuf - -Dio.netty.buffer.checkBounds: true
[DEBUG] 2022-11-03 11:11:11.755 [AsyncHttpClient-3-1] ResourceLeakDetectorFactory - Loaded default ResourceLeakDetector: io.netty.util.ResourceLeakDetector@534b7715
[DEBUG] 2022-11-03 11:11:11.768 [AsyncHttpClient-3-1] NettyConnectListener - Using new Channel '[id: 0x3c06f834, L:/127.0.0.1:43897 - R:localhost/127.0.0.1:27988]' for 'POST' to '/session'
[DEBUG] 2022-11-03 11:11:11.785 [AsyncHttpClient-3-1] Recycler - -Dio.netty.recycler.maxCapacityPerThread: 4096
[DEBUG] 2022-11-03 11:11:11.785 [AsyncHttpClient-3-1] Recycler - -Dio.netty.recycler.maxSharedCapacityFactor: 2
[DEBUG] 2022-11-03 11:11:11.785 [AsyncHttpClient-3-1] Recycler - -Dio.netty.recycler.linkCapacity: 16
[DEBUG] 2022-11-03 11:11:11.785 [AsyncHttpClient-3-1] Recycler - -Dio.netty.recycler.ratio: 8
[DEBUG] 2022-11-03 11:11:12.380 [AsyncHttpClient-3-1] HttpHandler - 

Request DefaultHttpRequest(decodeResult: success, version: HTTP/1.1)
POST /session HTTP/1.1
User-Agent: selenium/4.0.0-alpha-6 (java windows)
Content-Length: 635
Content-Type: application/json; charset=utf-8
host: localhost:27988
accept: */*

Response DefaultHttpResponse(decodeResult: success, version: HTTP/1.1)
HTTP/1.1 200 OK
Content-Length: 789
Content-Type: application/json; charset=utf-8
cache-control: no-cache

[DEBUG] 2022-11-03 11:11:12.392 [AsyncHttpClient-3-1] ChannelManager - Adding key: http://localhost:27988 for channel [id: 0x3c06f834, L:/127.0.0.1:43897 - R:localhost/127.0.0.1:27988]
[DEBUG] 2022-11-03 11:11:12.451 [AsyncHttpClient-3-2] NettyConnectListener - Using new Channel '[id: 0x5b8d848f, L:/127.0.0.1:43905 - R:localhost/127.0.0.1:43898]' for 'GET' to '/json/version'
[DEBUG] 2022-11-03 11:11:12.458 [AsyncHttpClient-3-2] HttpHandler - 

Request DefaultFullHttpRequest(decodeResult: success, version: HTTP/1.1, content: EmptyByteBufBE)
GET /json/version HTTP/1.1
User-Agent: selenium/4.0.0-alpha-6 (java windows)
host: localhost:43898
accept: */*

Response DefaultHttpResponse(decodeResult: success, version: HTTP/1.1)
HTTP/1.1 200 OK
Content-Length: 423
Content-Type: application/json; charset=UTF-8

[DEBUG] 2022-11-03 11:11:12.460 [AsyncHttpClient-3-2] ChannelManager - Adding key: http://localhost:43898 for channel [id: 0x5b8d848f, L:/127.0.0.1:43905 - R:localhost/127.0.0.1:43898]
[DEBUG] 2022-11-03 11:11:12.470 [main] ThreadLocalRandom - -Dio.netty.initialSeedUniquifier: 0x36e95c7cd8938b16
[DEBUG] 2022-11-03 11:11:12.473 [AsyncHttpClient-3-3] NettyConnectListener - Using new Channel '[id: 0x1af89661, L:/127.0.0.1:43906 - R:localhost/127.0.0.1:43898]' for 'GET' to '/devtools/browser/0e292943-9c0e-49e6-a2ad-2b13550553f9'
[DEBUG] 2022-11-03 11:11:12.482 [AsyncHttpClient-3-3] WebSocketHandler - 

Request DefaultFullHttpRequest(decodeResult: success, version: HTTP/1.1, content: EmptyByteBufBE)
GET /devtools/browser/0e292943-9c0e-49e6-a2ad-2b13550553f9 HTTP/1.1
upgrade: websocket
connection: upgrade
sec-websocket-key: GrDtPqIaRW4lOrpu3k0XyA==
sec-websocket-version: 13
origin: http://localhost:43898
host: localhost:43898
accept: */*
user-agent: AHC/2.1

Response DefaultHttpResponse(decodeResult: success, version: HTTP/1.1)
HTTP/1.1 101 WebSocket Protocol Handshake
Upgrade: WebSocket
Connection: Upgrade
Sec-WebSocket-Accept: 2ZMZEz4Yrx5fxegCFPdnMT2QadM=

[DEBUG] 2022-11-03 11:11:12.502 [Forwarding maximizeCurrentWindow on session 122be7b09855fd90460e73a63e68dbbd to remote] NettyRequestSender - Using pooled Channel '[id: 0x3c06f834, L:/127.0.0.1:43897 - R:localhost/127.0.0.1:27988]' for 'POST' to 'http://localhost:27988/session/122be7b09855fd90460e73a63e68dbbd/window/maximize'
[DEBUG] 2022-11-03 11:11:12.502 [Forwarding maximizeCurrentWindow on session 122be7b09855fd90460e73a63e68dbbd to remote] NettyRequestSender - Using open Channel [id: 0x3c06f834, L:/127.0.0.1:43897 - R:localhost/127.0.0.1:27988] for POST '/session/122be7b09855fd90460e73a63e68dbbd/window/maximize'
[DEBUG] 2022-11-03 11:11:12.509 [AsyncHttpClient-3-1] HttpHandler - 

Request DefaultHttpRequest(decodeResult: success, version: HTTP/1.1)
POST /session/122be7b09855fd90460e73a63e68dbbd/window/maximize HTTP/1.1
User-Agent: selenium/4.0.0-alpha-6 (java windows)
Content-Length: 3
Content-Type: application/json; charset=utf-8
host: localhost:27988
accept: */*

Response DefaultHttpResponse(decodeResult: success, version: HTTP/1.1)
HTTP/1.1 200 OK
Content-Length: 51
Content-Type: application/json; charset=utf-8
cache-control: no-cache

[DEBUG] 2022-11-03 11:11:12.509 [AsyncHttpClient-3-1] ChannelManager - Adding key: http://localhost:27988 for channel [id: 0x3c06f834, L:/127.0.0.1:43897 - R:localhost/127.0.0.1:27988]
[DEBUG] 2022-11-03 11:11:12.517 [Forwarding setTimeout on session 122be7b09855fd90460e73a63e68dbbd to remote] NettyRequestSender - Using pooled Channel '[id: 0x3c06f834, L:/127.0.0.1:43897 - R:localhost/127.0.0.1:27988]' for 'POST' to 'http://localhost:27988/session/122be7b09855fd90460e73a63e68dbbd/timeouts'
[DEBUG] 2022-11-03 11:11:12.517 [Forwarding setTimeout on session 122be7b09855fd90460e73a63e68dbbd to remote] NettyRequestSender - Using open Channel [id: 0x3c06f834, L:/127.0.0.1:43897 - R:localhost/127.0.0.1:27988] for POST '/session/122be7b09855fd90460e73a63e68dbbd/timeouts'
[DEBUG] 2022-11-03 11:11:12.518 [AsyncHttpClient-3-1] HttpHandler - 

Request DefaultHttpRequest(decodeResult: success, version: HTTP/1.1)
POST /session/122be7b09855fd90460e73a63e68dbbd/timeouts HTTP/1.1
User-Agent: selenium/4.0.0-alpha-6 (java windows)
Content-Length: 23
Content-Type: application/json; charset=utf-8
host: localhost:27988
accept: */*

Response DefaultHttpResponse(decodeResult: success, version: HTTP/1.1)
HTTP/1.1 200 OK
Content-Length: 14
Content-Type: application/json; charset=utf-8
cache-control: no-cache

[DEBUG] 2022-11-03 11:11:12.518 [AsyncHttpClient-3-1] ChannelManager - Adding key: http://localhost:27988 for channel [id: 0x3c06f834, L:/127.0.0.1:43897 - R:localhost/127.0.0.1:27988]
[INFO ] 2022-11-03 11:11:12.553 [main] TC01MainPage - Verify URL
[DEBUG] 2022-11-03 11:11:12.555 [Forwarding get on session 122be7b09855fd90460e73a63e68dbbd to remote] NettyRequestSender - Using pooled Channel '[id: 0x3c06f834, L:/127.0.0.1:43897 - R:localhost/127.0.0.1:27988]' for 'POST' to 'http://localhost:27988/session/122be7b09855fd90460e73a63e68dbbd/url'
[DEBUG] 2022-11-03 11:11:12.556 [Forwarding get on session 122be7b09855fd90460e73a63e68dbbd to remote] NettyRequestSender - Using open Channel [id: 0x3c06f834, L:/127.0.0.1:43897 - R:localhost/127.0.0.1:27988] for POST '/session/122be7b09855fd90460e73a63e68dbbd/url'
[DEBUG] 2022-11-03 11:11:13.244 [AsyncHttpClient-timer-1-1] DefaultChannelPool - Entry count for : http://localhost:43898 : 1
[DEBUG] 2022-11-03 11:11:14.344 [AsyncHttpClient-timer-1-1] DefaultChannelPool - Entry count for : http://localhost:43898 : 1
[DEBUG] 2022-11-03 11:11:15.445 [AsyncHttpClient-timer-1-1] DefaultChannelPool - Entry count for : http://localhost:43898 : 1
[DEBUG] 2022-11-03 11:11:16.545 [AsyncHttpClient-timer-1-1] DefaultChannelPool - Entry count for : http://localhost:43898 : 1
[DEBUG] 2022-11-03 11:11:17.644 [AsyncHttpClient-timer-1-1] DefaultChannelPool - Entry count for : http://localhost:43898 : 1
[DEBUG] 2022-11-03 11:11:18.744 [AsyncHttpClient-timer-1-1] DefaultChannelPool - Entry count for : http://localhost:43898 : 1
[DEBUG] 2022-11-03 11:11:19.845 [AsyncHttpClient-timer-1-1] DefaultChannelPool - Entry count for : http://localhost:43898 : 1
[DEBUG] 2022-11-03 11:11:20.865 [AsyncHttpClient-3-1] HttpHandler - 

Request DefaultHttpRequest(decodeResult: success, version: HTTP/1.1)
POST /session/122be7b09855fd90460e73a63e68dbbd/url HTTP/1.1
User-Agent: selenium/4.0.0-alpha-6 (java windows)
Content-Length: 48
Content-Type: application/json; charset=utf-8
host: localhost:27988
accept: */*

Response DefaultHttpResponse(decodeResult: success, version: HTTP/1.1)
HTTP/1.1 200 OK
Content-Length: 14
Content-Type: application/json; charset=utf-8
cache-control: no-cache

[DEBUG] 2022-11-03 11:11:20.865 [AsyncHttpClient-3-1] ChannelManager - Adding key: http://localhost:27988 for channel [id: 0x3c06f834, L:/127.0.0.1:43897 - R:localhost/127.0.0.1:27988]
[INFO ] 2022-11-03 11:11:20.872 [main] TC01MainPage - Open URL
[DEBUG] 2022-11-03 11:11:20.873 [Forwarding getTitle on session 122be7b09855fd90460e73a63e68dbbd to remote] NettyRequestSender - Using pooled Channel '[id: 0x3c06f834, L:/127.0.0.1:43897 - R:localhost/127.0.0.1:27988]' for 'GET' to 'http://localhost:27988/session/122be7b09855fd90460e73a63e68dbbd/title'
[DEBUG] 2022-11-03 11:11:20.874 [Forwarding getTitle on session 122be7b09855fd90460e73a63e68dbbd to remote] NettyRequestSender - Using open Channel [id: 0x3c06f834, L:/127.0.0.1:43897 - R:localhost/127.0.0.1:27988] for GET '/session/122be7b09855fd90460e73a63e68dbbd/title'
[DEBUG] 2022-11-03 11:11:20.879 [AsyncHttpClient-3-1] HttpHandler - 

Request DefaultFullHttpRequest(decodeResult: success, version: HTTP/1.1, content: EmptyByteBufBE)
GET /session/122be7b09855fd90460e73a63e68dbbd/title HTTP/1.1
User-Agent: selenium/4.0.0-alpha-6 (java windows)
Cache-Control: no-cache
host: localhost:27988
accept: */*

Response DefaultHttpResponse(decodeResult: success, version: HTTP/1.1)
HTTP/1.1 200 OK
Content-Length: 103
Content-Type: application/json; charset=utf-8
cache-control: no-cache

[DEBUG] 2022-11-03 11:11:20.879 [AsyncHttpClient-3-1] ChannelManager - Adding key: http://localhost:27988 for channel [id: 0x3c06f834, L:/127.0.0.1:43897 - R:localhost/127.0.0.1:27988]
[INFO ] 2022-11-03 11:11:20.880 [main] TC01MainPage - Verification Successful - The correct title is displayed on the web page.
]]></system-out>
    <system-err><![CDATA[Starting ChromeDriver 107.0.5304.62 (1eec40d3a5764881c92085aaee66d25075c159aa-refs/branch-heads/5304@{#942}) on port 27988
Only local connections are allowed.
Please see https://chromedriver.chromium.org/security-considerations for suggestions on keeping ChromeDriver safe.
ChromeDriver was started successfully.
[1667448672.352][WARNING]: This version of ChromeDriver has not been tested with Chrome version 108.
Nov 03, 2022 11:11:12 AM org.openqa.selenium.remote.ProtocolHandshake createSession
INFO: Detected dialect: W3C
]]></system-err>
  </testcase>
  <testcase name="tc02VerifyOneWayFlights" classname="com.sample.www.TC01MainPage" time="10.07">
    <failure message="no such element: Unable to locate element: {&quot;method&quot;:&quot;css selector&quot;,&quot;selector&quot;:&quot;#gi_search_btn&quot;}&#10;  (Session info: chrome=108.0.5359.22)&#10;For documentation on this error, please visit: https://selenium.dev/exceptions/#no_such_element&#10;Build info: version: &apos;4.0.0-alpha-6&apos;, revision: &apos;5f43a29cfc&apos;&#10;System info: host: &apos;KNUTCHER&apos;, ip: &apos;192.168.85.54&apos;, os.name: &apos;Windows 11&apos;, os.arch: &apos;amd64&apos;, os.version: &apos;10.0&apos;, java.version: &apos;11.0.15&apos;&#10;Driver info: org.openqa.selenium.chrome.ChromeDriver&#10;Capabilities {acceptInsecureCerts: false, browserName: chrome, browserVersion: 108.0.5359.22, chrome: {chromedriverVersion: 107.0.5304.62 (1eec40d3a576..., userDataDir: C:\Users\Galih\AppData\Loca...}, goog:chromeOptions: {debuggerAddress: localhost:43898}, javascriptEnabled: true, networkConnectionEnabled: false, pageLoadStrategy: normal, platform: WINDOWS, platformName: WINDOWS, proxy: Proxy(), setWindowRect: true, strictFileInteractability: false, timeouts: {implicit: 0, pageLoad: 300000, script: 30000}, unhandledPromptBehavior: dismiss and notify, webauthn:extension:credBlob: true, webauthn:extension:largeBlob: true, webauthn:virtualAuthenticators: true}&#10;Session ID: 122be7b09855fd90460e73a63e68dbbd&#10;*** Element info: {Using=id, value=gi_search_btn}" type="org.openqa.selenium.NoSuchElementException"><![CDATA[org.openqa.selenium.NoSuchElementException: 
no such element: Unable to locate element: {"method":"css selector","selector":"#gi_search_btn"}
  (Session info: chrome=108.0.5359.22)
For documentation on this error, please visit: https://selenium.dev/exceptions/#no_such_element
Build info: version: '4.0.0-alpha-6', revision: '5f43a29cfc'
System info: host: 'KNUTCHER', ip: '192.168.85.54', os.name: 'Windows 11', os.arch: 'amd64', os.version: '10.0', java.version: '11.0.15'
Driver info: org.openqa.selenium.chrome.ChromeDriver
Capabilities {acceptInsecureCerts: false, browserName: chrome, browserVersion: 108.0.5359.22, chrome: {chromedriverVersion: 107.0.5304.62 (1eec40d3a576..., userDataDir: C:\Users\Galih\AppData\Loca...}, goog:chromeOptions: {debuggerAddress: localhost:43898}, javascriptEnabled: true, networkConnectionEnabled: false, pageLoadStrategy: normal, platform: WINDOWS, platformName: WINDOWS, proxy: Proxy(), setWindowRect: true, strictFileInteractability: false, timeouts: {implicit: 0, pageLoad: 300000, script: 30000}, unhandledPromptBehavior: dismiss and notify, webauthn:extension:credBlob: true, webauthn:extension:largeBlob: true, webauthn:virtualAuthenticators: true}
Session ID: 122be7b09855fd90460e73a63e68dbbd
*** Element info: {Using=id, value=gi_search_btn}
	at com.sample.www.TC01MainPage.tc02VerifyOneWayFlights(TC01MainPage.java:51)
]]></failure>
    <system-out><![CDATA[[INFO ] 2022-11-03 11:11:20.888 [main] TC01MainPage - Verify one-way flights
[DEBUG] 2022-11-03 11:11:20.891 [Forwarding findElement on session 122be7b09855fd90460e73a63e68dbbd to remote] NettyRequestSender - Using pooled Channel '[id: 0x3c06f834, L:/127.0.0.1:43897 - R:localhost/127.0.0.1:27988]' for 'POST' to 'http://localhost:27988/session/122be7b09855fd90460e73a63e68dbbd/element'
[DEBUG] 2022-11-03 11:11:20.892 [Forwarding findElement on session 122be7b09855fd90460e73a63e68dbbd to remote] NettyRequestSender - Using open Channel [id: 0x3c06f834, L:/127.0.0.1:43897 - R:localhost/127.0.0.1:27988] for POST '/session/122be7b09855fd90460e73a63e68dbbd/element'
[DEBUG] 2022-11-03 11:11:20.944 [AsyncHttpClient-timer-1-1] DefaultChannelPool - Entry count for : http://localhost:43898 : 1
[DEBUG] 2022-11-03 11:11:22.045 [AsyncHttpClient-timer-1-1] DefaultChannelPool - Entry count for : http://localhost:43898 : 1
[DEBUG] 2022-11-03 11:11:23.145 [AsyncHttpClient-timer-1-1] DefaultChannelPool - Entry count for : http://localhost:43898 : 1
[DEBUG] 2022-11-03 11:11:24.246 [AsyncHttpClient-timer-1-1] DefaultChannelPool - Entry count for : http://localhost:43898 : 1
[DEBUG] 2022-11-03 11:11:25.344 [AsyncHttpClient-timer-1-1] DefaultChannelPool - Entry count for : http://localhost:43898 : 1
[DEBUG] 2022-11-03 11:11:26.444 [AsyncHttpClient-timer-1-1] DefaultChannelPool - Entry count for : http://localhost:43898 : 1
[DEBUG] 2022-11-03 11:11:27.545 [AsyncHttpClient-timer-1-1] DefaultChannelPool - Entry count for : http://localhost:43898 : 1
[DEBUG] 2022-11-03 11:11:28.645 [AsyncHttpClient-timer-1-1] DefaultChannelPool - Entry count for : http://localhost:43898 : 1
[DEBUG] 2022-11-03 11:11:29.744 [AsyncHttpClient-timer-1-1] DefaultChannelPool - Entry count for : http://localhost:43898 : 1
[DEBUG] 2022-11-03 11:11:30.844 [AsyncHttpClient-timer-1-1] DefaultChannelPool - Entry count for : http://localhost:43898 : 1
[DEBUG] 2022-11-03 11:11:30.946 [AsyncHttpClient-3-1] HttpHandler - 

Request DefaultHttpRequest(decodeResult: success, version: HTTP/1.1)
POST /session/122be7b09855fd90460e73a63e68dbbd/element HTTP/1.1
User-Agent: selenium/4.0.0-alpha-6 (java windows)
Content-Length: 58
Content-Type: application/json; charset=utf-8
host: localhost:27988
accept: */*

Response DefaultHttpResponse(decodeResult: success, version: HTTP/1.1)
HTTP/1.1 404 Not Found
Content-Length: 994
Content-Type: application/json; charset=utf-8
cache-control: no-cache

[DEBUG] 2022-11-03 11:11:30.946 [AsyncHttpClient-3-1] ChannelManager - Adding key: http://localhost:27988 for channel [id: 0x3c06f834, L:/127.0.0.1:43897 - R:localhost/127.0.0.1:27988]
]]></system-out>
  </testcase>
  <testcase name="tc01VerifyPageResults" classname="com.sample.www.TC02Flights" time="10.027">
    <failure message="Index 0 out of bounds for length 0" type="java.lang.IndexOutOfBoundsException"><![CDATA[java.lang.IndexOutOfBoundsException: Index 0 out of bounds for length 0
	at com.sample.www.TC02Flights.validateTheCost(TC02Flights.java:52)
	at com.sample.www.TC02Flights.tc01VerifyPageResults(TC02Flights.java:23)
]]></failure>
    <system-out><![CDATA[[INFO ] 2022-11-03 11:11:30.961 [main] TC02Flights - Verify Page Results
[DEBUG] 2022-11-03 11:11:30.962 [Forwarding findElements on session 122be7b09855fd90460e73a63e68dbbd to remote] NettyRequestSender - Using pooled Channel '[id: 0x3c06f834, L:/127.0.0.1:43897 - R:localhost/127.0.0.1:27988]' for 'POST' to 'http://localhost:27988/session/122be7b09855fd90460e73a63e68dbbd/elements'
[DEBUG] 2022-11-03 11:11:30.962 [Forwarding findElements on session 122be7b09855fd90460e73a63e68dbbd to remote] NettyRequestSender - Using open Channel [id: 0x3c06f834, L:/127.0.0.1:43897 - R:localhost/127.0.0.1:27988] for POST '/session/122be7b09855fd90460e73a63e68dbbd/elements'
[DEBUG] 2022-11-03 11:11:31.946 [AsyncHttpClient-timer-1-1] DefaultChannelPool - Entry count for : http://localhost:43898 : 1
[DEBUG] 2022-11-03 11:11:33.045 [AsyncHttpClient-timer-1-1] DefaultChannelPool - Entry count for : http://localhost:43898 : 1
[DEBUG] 2022-11-03 11:11:34.145 [AsyncHttpClient-timer-1-1] DefaultChannelPool - Entry count for : http://localhost:43898 : 1
[DEBUG] 2022-11-03 11:11:35.244 [AsyncHttpClient-timer-1-1] DefaultChannelPool - Entry count for : http://localhost:43898 : 1
[DEBUG] 2022-11-03 11:11:36.345 [AsyncHttpClient-timer-1-1] DefaultChannelPool - Entry count for : http://localhost:43898 : 1
[DEBUG] 2022-11-03 11:11:37.445 [AsyncHttpClient-timer-1-1] DefaultChannelPool - Entry count for : http://localhost:43898 : 1
[DEBUG] 2022-11-03 11:11:38.545 [AsyncHttpClient-timer-1-1] DefaultChannelPool - Entry count for : http://localhost:43898 : 1
[DEBUG] 2022-11-03 11:11:39.645 [AsyncHttpClient-timer-1-1] DefaultChannelPool - Entry count for : http://localhost:43898 : 1
[DEBUG] 2022-11-03 11:11:40.744 [AsyncHttpClient-timer-1-1] DefaultChannelPool - Entry count for : http://localhost:43898 : 1
[DEBUG] 2022-11-03 11:11:40.980 [AsyncHttpClient-3-1] HttpHandler - 

Request DefaultHttpRequest(decodeResult: success, version: HTTP/1.1)
POST /session/122be7b09855fd90460e73a63e68dbbd/elements HTTP/1.1
User-Agent: selenium/4.0.0-alpha-6 (java windows)
Content-Length: 76
Content-Type: application/json; charset=utf-8
host: localhost:27988
accept: */*

Response DefaultHttpResponse(decodeResult: success, version: HTTP/1.1)
HTTP/1.1 200 OK
Content-Length: 12
Content-Type: application/json; charset=utf-8
cache-control: no-cache

[DEBUG] 2022-11-03 11:11:40.980 [AsyncHttpClient-3-1] ChannelManager - Adding key: http://localhost:27988 for channel [id: 0x3c06f834, L:/127.0.0.1:43897 - R:localhost/127.0.0.1:27988]
]]></system-out>
  </testcase>
  <testcase name="tc02VerifyApplyFilters" classname="com.sample.www.TC02Flights" time="10.06">
    <failure message="no such element: Unable to locate element: {&quot;method&quot;:&quot;xpath&quot;,&quot;selector&quot;:&quot;//span[text()=&apos;4am - 11am&apos;]&quot;}&#10;  (Session info: chrome=108.0.5359.22)&#10;For documentation on this error, please visit: https://selenium.dev/exceptions/#no_such_element&#10;Build info: version: &apos;4.0.0-alpha-6&apos;, revision: &apos;5f43a29cfc&apos;&#10;System info: host: &apos;KNUTCHER&apos;, ip: &apos;192.168.85.54&apos;, os.name: &apos;Windows 11&apos;, os.arch: &apos;amd64&apos;, os.version: &apos;10.0&apos;, java.version: &apos;11.0.15&apos;&#10;Driver info: org.openqa.selenium.chrome.ChromeDriver&#10;Capabilities {acceptInsecureCerts: false, browserName: chrome, browserVersion: 108.0.5359.22, chrome: {chromedriverVersion: 107.0.5304.62 (1eec40d3a576..., userDataDir: C:\Users\Galih\AppData\Loca...}, goog:chromeOptions: {debuggerAddress: localhost:43898}, javascriptEnabled: true, networkConnectionEnabled: false, pageLoadStrategy: normal, platform: WINDOWS, platformName: WINDOWS, proxy: Proxy(), setWindowRect: true, strictFileInteractability: false, timeouts: {implicit: 0, pageLoad: 300000, script: 30000}, unhandledPromptBehavior: dismiss and notify, webauthn:extension:credBlob: true, webauthn:extension:largeBlob: true, webauthn:virtualAuthenticators: true}&#10;Session ID: 122be7b09855fd90460e73a63e68dbbd&#10;*** Element info: {Using=xpath, value=//span[text()=&apos;4am - 11am&apos;]}" type="org.openqa.selenium.NoSuchElementException"><![CDATA[org.openqa.selenium.NoSuchElementException: 
no such element: Unable to locate element: {"method":"xpath","selector":"//span[text()='4am - 11am']"}
  (Session info: chrome=108.0.5359.22)
For documentation on this error, please visit: https://selenium.dev/exceptions/#no_such_element
Build info: version: '4.0.0-alpha-6', revision: '5f43a29cfc'
System info: host: 'KNUTCHER', ip: '192.168.85.54', os.name: 'Windows 11', os.arch: 'amd64', os.version: '10.0', java.version: '11.0.15'
Driver info: org.openqa.selenium.chrome.ChromeDriver
Capabilities {acceptInsecureCerts: false, browserName: chrome, browserVersion: 108.0.5359.22, chrome: {chromedriverVersion: 107.0.5304.62 (1eec40d3a576..., userDataDir: C:\Users\Galih\AppData\Loca...}, goog:chromeOptions: {debuggerAddress: localhost:43898}, javascriptEnabled: true, networkConnectionEnabled: false, pageLoadStrategy: normal, platform: WINDOWS, platformName: WINDOWS, proxy: Proxy(), setWindowRect: true, strictFileInteractability: false, timeouts: {implicit: 0, pageLoad: 300000, script: 30000}, unhandledPromptBehavior: dismiss and notify, webauthn:extension:credBlob: true, webauthn:extension:largeBlob: true, webauthn:virtualAuthenticators: true}
Session ID: 122be7b09855fd90460e73a63e68dbbd
*** Element info: {Using=xpath, value=//span[text()='4am - 11am']}
	at com.sample.www.TC02Flights.tc02VerifyApplyFilters(TC02Flights.java:34)
]]></failure>
    <system-out><![CDATA[[INFO ] 2022-11-03 11:11:40.989 [main] TC02Flights - Verify Apply Filters
[DEBUG] 2022-11-03 11:11:40.991 [Forwarding findElement on session 122be7b09855fd90460e73a63e68dbbd to remote] NettyRequestSender - Using pooled Channel '[id: 0x3c06f834, L:/127.0.0.1:43897 - R:localhost/127.0.0.1:27988]' for 'POST' to 'http://localhost:27988/session/122be7b09855fd90460e73a63e68dbbd/element'
[DEBUG] 2022-11-03 11:11:40.991 [Forwarding findElement on session 122be7b09855fd90460e73a63e68dbbd to remote] NettyRequestSender - Using open Channel [id: 0x3c06f834, L:/127.0.0.1:43897 - R:localhost/127.0.0.1:27988] for POST '/session/122be7b09855fd90460e73a63e68dbbd/element'
[DEBUG] 2022-11-03 11:11:41.845 [AsyncHttpClient-timer-1-1] DefaultChannelPool - Entry count for : http://localhost:43898 : 1
[DEBUG] 2022-11-03 11:11:42.945 [AsyncHttpClient-timer-1-1] DefaultChannelPool - Entry count for : http://localhost:43898 : 1
[DEBUG] 2022-11-03 11:11:44.046 [AsyncHttpClient-timer-1-1] DefaultChannelPool - Entry count for : http://localhost:43898 : 1
[DEBUG] 2022-11-03 11:11:45.145 [AsyncHttpClient-timer-1-1] DefaultChannelPool - Entry count for : http://localhost:43898 : 1
[DEBUG] 2022-11-03 11:11:46.245 [AsyncHttpClient-timer-1-1] DefaultChannelPool - Entry count for : http://localhost:43898 : 1
[DEBUG] 2022-11-03 11:11:47.344 [AsyncHttpClient-timer-1-1] DefaultChannelPool - Entry count for : http://localhost:43898 : 1
[DEBUG] 2022-11-03 11:11:48.445 [AsyncHttpClient-timer-1-1] DefaultChannelPool - Entry count for : http://localhost:43898 : 1
[DEBUG] 2022-11-03 11:11:49.544 [AsyncHttpClient-timer-1-1] DefaultChannelPool - Entry count for : http://localhost:43898 : 1
[DEBUG] 2022-11-03 11:11:50.645 [AsyncHttpClient-timer-1-1] DefaultChannelPool - Entry count for : http://localhost:43898 : 1
[DEBUG] 2022-11-03 11:11:51.042 [AsyncHttpClient-3-1] HttpHandler - 

Request DefaultHttpRequest(decodeResult: success, version: HTTP/1.1)
POST /session/122be7b09855fd90460e73a63e68dbbd/element HTTP/1.1
User-Agent: selenium/4.0.0-alpha-6 (java windows)
Content-Length: 74
Content-Type: application/json; charset=utf-8
host: localhost:27988
accept: */*

Response DefaultHttpResponse(decodeResult: success, version: HTTP/1.1)
HTTP/1.1 404 Not Found
Content-Length: 1000
Content-Type: application/json; charset=utf-8
cache-control: no-cache

[DEBUG] 2022-11-03 11:11:51.043 [AsyncHttpClient-3-1] ChannelManager - Adding key: http://localhost:27988 for channel [id: 0x3c06f834, L:/127.0.0.1:43897 - R:localhost/127.0.0.1:27988]
]]></system-out>
  </testcase>
</testsuite>